unityLibrary/build/intermediates/manifest_merge_blame_file/debug/manifest-merger-blame-debug-report.txt
1<?xml version="1.0" encoding="utf-8"?>
2<manifest xmlns:android="http://schemas.android.com/apk/res/android"
3    package="com.unity3d.player" >
4
5    <uses-sdk
6        android:minSdkVersion="24"
6-->src\main\AndroidManifest.xml
7        android:targetSdkVersion="29" />
7-->src\main\AndroidManifest.xml
8
9    <uses-feature android:glEsVersion="0x00030000" />
9-->src\main\AndroidManifest.xml:18:3-52
9-->src\main\AndroidManifest.xml:18:17-49
10
11    <uses-permission android:name="android.permission.INTERNET" />
11-->src\main\AndroidManifest.xml:19:3-65
11-->src\main\AndroidManifest.xml:19:20-62
12
13    <uses-feature
13-->src\main\AndroidManifest.xml:20:3-88
14        android:name="android.hardware.touchscreen"
14-->src\main\AndroidManifest.xml:20:17-60
15        android:required="false" />
15-->src\main\AndroidManifest.xml:20:61-85
16    <uses-feature
16-->src\main\AndroidManifest.xml:21:3-99
17        android:name="android.hardware.touchscreen.multitouch"
17-->src\main\AndroidManifest.xml:21:17-71
18        android:required="false" />
18-->src\main\AndroidManifest.xml:21:72-96
19    <uses-feature
19-->src\main\AndroidManifest.xml:22:3-108
20        android:name="android.hardware.touchscreen.multitouch.distinct"
20-->src\main\AndroidManifest.xml:22:17-80
21        android:required="false" />
21-->src\main\AndroidManifest.xml:22:81-105
22
23    <uses-permission android:name="android.permission.CAMERA" />
23-->src\main\AndroidManifest.xml:23:3-63
23-->src\main\AndroidManifest.xml:23:20-60
24
25    <uses-feature
25-->src\main\AndroidManifest.xml:24:3-85
26        android:name="android.hardware.camera.ar"
26-->src\main\AndroidManifest.xml:24:17-58
27        android:required="true" />
27-->src\main\AndroidManifest.xml:24:59-82
28    <uses-feature
28-->src\main\AndroidManifest.xml:25:3-83
29        android:name="com.google.ar.core.depth"
29-->src\main\AndroidManifest.xml:25:17-56
30        android:required="true" />
30-->src\main\AndroidManifest.xml:25:57-80
31
32    <application android:label="@string/app_name" >
32-->src\main\AndroidManifest.xml:3:3-17:17
32-->src\main\AndroidManifest.xml:3:16-48
33        <activity
33-->src\main\AndroidManifest.xml:4:5-10:16
34            android:name="com.setik.androidutils.AndroidUtils"
34-->src\main\AndroidManifest.xml:4:15-65
35            android:configChanges="fontScale|keyboard|keyboardHidden|locale|mnc|mcc|navigation|orientation|screenLayout|screenSize|smallestScreenSize|uiMode|touchscreen"
35-->src\main\AndroidManifest.xml:4:99-256
36            android:label="@string/app_name" >
36-->src\main\AndroidManifest.xml:4:66-98
37            <intent-filter>
37-->src\main\AndroidManifest.xml:5:7-8:23
38                <action android:name="android.intent.action.MAIN" />
38-->src\main\AndroidManifest.xml:6:9-61
38-->src\main\AndroidManifest.xml:6:17-58
39
40                <category android:name="android.intent.category.LAUNCHER" />
40-->src\main\AndroidManifest.xml:7:9-69
40-->src\main\AndroidManifest.xml:7:19-66
41            </intent-filter>
42
43            <meta-data
43-->src\main\AndroidManifest.xml:9:7-78
44                android:name="android.notch_support"
44-->src\main\AndroidManifest.xml:9:18-54
45                android:value="true" />
45-->src\main\AndroidManifest.xml:9:55-75
46        </activity>
47
48        <meta-data
48-->src\main\AndroidManifest.xml:11:5-88
49            android:name="unityplayer.SkipPermissionsDialog"
49-->src\main\AndroidManifest.xml:11:16-64
50            android:value="true" />
50-->src\main\AndroidManifest.xml:11:65-85
51        <meta-data
51-->src\main\AndroidManifest.xml:12:5-69
52            android:name="unity.splash-mode"
52-->src\main\AndroidManifest.xml:12:16-48
53            android:value="0" />
53-->src\main\AndroidManifest.xml:12:49-66
54        <meta-data
54-->src\main\AndroidManifest.xml:13:5-74
55            android:name="unity.splash-enable"
55-->src\main\AndroidManifest.xml:13:16-50
56            android:value="True" />
56-->src\main\AndroidManifest.xml:13:51-71
57        <meta-data
57-->src\main\AndroidManifest.xml:14:5-81
58            android:name="notch.config"
58-->src\main\AndroidManifest.xml:14:16-43
59            android:value="portrait|landscape" />
59-->src\main\AndroidManifest.xml:14:44-78
60        <meta-data
60-->src\main\AndroidManifest.xml:15:5-101
61            android:name="unity.build-id"
61-->src\main\AndroidManifest.xml:15:16-45
62            android:value="4eb7bf6f-9da7-4e23-970f-9ab42242485d" />
62-->src\main\AndroidManifest.xml:15:46-98
63        <meta-data
63-->src\main\AndroidManifest.xml:16:5-77
64            android:name="com.google.ar.core"
64-->src\main\AndroidManifest.xml:16:16-49
65            android:value="required" />
65-->src\main\AndroidManifest.xml:16:50-74
66    </application>
67
68</manifest>